ERROR - 2025-04-22 11:41:44 --> Error connecting to the database: mysqli_sql_exception: Unknown database 'ci4' in C:\xampp\htdocs\ci4\vendor\codeigniter4\framework\system\Database\MySQLi\Connection.php:201
Stack trace:
#0 C:\xampp\htdocs\ci4\vendor\codeigniter4\framework\system\Database\MySQLi\Connection.php(201): mysqli->real_connect('localhost', 'root', Object(SensitiveParameterValue), 'ci4', 3306, '', 0)
#1 C:\xampp\htdocs\ci4\vendor\codeigniter4\framework\system\Database\BaseConnection.php(421): CodeIgniter\Database\MySQLi\Connection->connect(false)
#2 C:\xampp\htdocs\ci4\vendor\codeigniter4\framework\system\Database\BaseConnection.php(620): CodeIgniter\Database\BaseConnection->initialize()
#3 C:\xampp\htdocs\ci4\vendor\codeigniter4\framework\system\Database\BaseConnection.php(1525): CodeIgniter\Database\BaseConnection->query('SHOW TABLES FRO...')
#4 C:\xampp\htdocs\ci4\vendor\codeigniter4\framework\system\Database\BaseConnection.php(1545): CodeIgniter\Database\BaseConnection->listTables()
#5 C:\xampp\htdocs\ci4\vendor\codeigniter4\framework\system\Database\MigrationRunner.php(758): CodeIgniter\Database\BaseConnection->tableExists('migrations')
#6 C:\xampp\htdocs\ci4\vendor\codeigniter4\framework\system\Database\MigrationRunner.php(162): CodeIgniter\Database\MigrationRunner->ensureTable()
#7 C:\xampp\htdocs\ci4\vendor\codeigniter4\framework\system\Commands\Database\Migrate.php(85): CodeIgniter\Database\MigrationRunner->latest(NULL)
#8 C:\xampp\htdocs\ci4\vendor\codeigniter4\framework\system\CLI\Commands.php(70): CodeIgniter\Commands\Database\Migrate->run(Array)
#9 C:\xampp\htdocs\ci4\vendor\codeigniter4\framework\system\CLI\Console.php(48): CodeIgniter\CLI\Commands->run('migrate', Array)
#10 C:\xampp\htdocs\ci4\vendor\codeigniter4\framework\system\Boot.php(360): CodeIgniter\CLI\Console->run()
#11 C:\xampp\htdocs\ci4\vendor\codeigniter4\framework\system\Boot.php(104): CodeIgniter\Boot::runCommand(Object(CodeIgniter\CLI\Console))
#12 C:\xampp\htdocs\ci4\spark(84): CodeIgniter\Boot::bootSpark(Object(Config\Paths))
#13 {main}

Next CodeIgniter\Database\Exceptions\DatabaseException: Unknown database 'ci4' in C:\xampp\htdocs\ci4\vendor\codeigniter4\framework\system\Database\MySQLi\Connection.php:246
Stack trace:
#0 C:\xampp\htdocs\ci4\vendor\codeigniter4\framework\system\Database\BaseConnection.php(421): CodeIgniter\Database\MySQLi\Connection->connect(false)
#1 C:\xampp\htdocs\ci4\vendor\codeigniter4\framework\system\Database\BaseConnection.php(620): CodeIgniter\Database\BaseConnection->initialize()
#2 C:\xampp\htdocs\ci4\vendor\codeigniter4\framework\system\Database\BaseConnection.php(1525): CodeIgniter\Database\BaseConnection->query('SHOW TABLES FRO...')
#3 C:\xampp\htdocs\ci4\vendor\codeigniter4\framework\system\Database\BaseConnection.php(1545): CodeIgniter\Database\BaseConnection->listTables()
#4 C:\xampp\htdocs\ci4\vendor\codeigniter4\framework\system\Database\MigrationRunner.php(758): CodeIgniter\Database\BaseConnection->tableExists('migrations')
#5 C:\xampp\htdocs\ci4\vendor\codeigniter4\framework\system\Database\MigrationRunner.php(162): CodeIgniter\Database\MigrationRunner->ensureTable()
#6 C:\xampp\htdocs\ci4\vendor\codeigniter4\framework\system\Commands\Database\Migrate.php(85): CodeIgniter\Database\MigrationRunner->latest(NULL)
#7 C:\xampp\htdocs\ci4\vendor\codeigniter4\framework\system\CLI\Commands.php(70): CodeIgniter\Commands\Database\Migrate->run(Array)
#8 C:\xampp\htdocs\ci4\vendor\codeigniter4\framework\system\CLI\Console.php(48): CodeIgniter\CLI\Commands->run('migrate', Array)
#9 C:\xampp\htdocs\ci4\vendor\codeigniter4\framework\system\Boot.php(360): CodeIgniter\CLI\Console->run()
#10 C:\xampp\htdocs\ci4\vendor\codeigniter4\framework\system\Boot.php(104): CodeIgniter\Boot::runCommand(Object(CodeIgniter\CLI\Console))
#11 C:\xampp\htdocs\ci4\spark(84): CodeIgniter\Boot::bootSpark(Object(Config\Paths))
#12 {main}
ERROR - 2025-04-22 11:43:00 --> Error connecting to the database: mysqli_sql_exception: Unknown database 'ci4' in C:\xampp\htdocs\ci4\vendor\codeigniter4\framework\system\Database\MySQLi\Connection.php:201
Stack trace:
#0 C:\xampp\htdocs\ci4\vendor\codeigniter4\framework\system\Database\MySQLi\Connection.php(201): mysqli->real_connect('localhost', 'root', Object(SensitiveParameterValue), 'ci4', 3306, '', 0)
#1 C:\xampp\htdocs\ci4\vendor\codeigniter4\framework\system\Database\BaseConnection.php(421): CodeIgniter\Database\MySQLi\Connection->connect(false)
#2 C:\xampp\htdocs\ci4\vendor\codeigniter4\framework\system\Database\BaseConnection.php(620): CodeIgniter\Database\BaseConnection->initialize()
#3 C:\xampp\htdocs\ci4\vendor\codeigniter4\framework\system\Database\BaseConnection.php(1525): CodeIgniter\Database\BaseConnection->query('SHOW TABLES FRO...')
#4 C:\xampp\htdocs\ci4\vendor\codeigniter4\framework\system\Database\BaseConnection.php(1545): CodeIgniter\Database\BaseConnection->listTables()
#5 C:\xampp\htdocs\ci4\vendor\codeigniter4\framework\system\Database\MigrationRunner.php(758): CodeIgniter\Database\BaseConnection->tableExists('migrations')
#6 C:\xampp\htdocs\ci4\vendor\codeigniter4\framework\system\Database\MigrationRunner.php(162): CodeIgniter\Database\MigrationRunner->ensureTable()
#7 C:\xampp\htdocs\ci4\vendor\codeigniter4\framework\system\Commands\Database\Migrate.php(85): CodeIgniter\Database\MigrationRunner->latest(NULL)
#8 C:\xampp\htdocs\ci4\vendor\codeigniter4\framework\system\CLI\Commands.php(70): CodeIgniter\Commands\Database\Migrate->run(Array)
#9 C:\xampp\htdocs\ci4\vendor\codeigniter4\framework\system\CLI\Console.php(48): CodeIgniter\CLI\Commands->run('migrate', Array)
#10 C:\xampp\htdocs\ci4\vendor\codeigniter4\framework\system\Boot.php(360): CodeIgniter\CLI\Console->run()
#11 C:\xampp\htdocs\ci4\vendor\codeigniter4\framework\system\Boot.php(104): CodeIgniter\Boot::runCommand(Object(CodeIgniter\CLI\Console))
#12 C:\xampp\htdocs\ci4\spark(84): CodeIgniter\Boot::bootSpark(Object(Config\Paths))
#13 {main}

Next CodeIgniter\Database\Exceptions\DatabaseException: Unknown database 'ci4' in C:\xampp\htdocs\ci4\vendor\codeigniter4\framework\system\Database\MySQLi\Connection.php:246
Stack trace:
#0 C:\xampp\htdocs\ci4\vendor\codeigniter4\framework\system\Database\BaseConnection.php(421): CodeIgniter\Database\MySQLi\Connection->connect(false)
#1 C:\xampp\htdocs\ci4\vendor\codeigniter4\framework\system\Database\BaseConnection.php(620): CodeIgniter\Database\BaseConnection->initialize()
#2 C:\xampp\htdocs\ci4\vendor\codeigniter4\framework\system\Database\BaseConnection.php(1525): CodeIgniter\Database\BaseConnection->query('SHOW TABLES FRO...')
#3 C:\xampp\htdocs\ci4\vendor\codeigniter4\framework\system\Database\BaseConnection.php(1545): CodeIgniter\Database\BaseConnection->listTables()
#4 C:\xampp\htdocs\ci4\vendor\codeigniter4\framework\system\Database\MigrationRunner.php(758): CodeIgniter\Database\BaseConnection->tableExists('migrations')
#5 C:\xampp\htdocs\ci4\vendor\codeigniter4\framework\system\Database\MigrationRunner.php(162): CodeIgniter\Database\MigrationRunner->ensureTable()
#6 C:\xampp\htdocs\ci4\vendor\codeigniter4\framework\system\Commands\Database\Migrate.php(85): CodeIgniter\Database\MigrationRunner->latest(NULL)
#7 C:\xampp\htdocs\ci4\vendor\codeigniter4\framework\system\CLI\Commands.php(70): CodeIgniter\Commands\Database\Migrate->run(Array)
#8 C:\xampp\htdocs\ci4\vendor\codeigniter4\framework\system\CLI\Console.php(48): CodeIgniter\CLI\Commands->run('migrate', Array)
#9 C:\xampp\htdocs\ci4\vendor\codeigniter4\framework\system\Boot.php(360): CodeIgniter\CLI\Console->run()
#10 C:\xampp\htdocs\ci4\vendor\codeigniter4\framework\system\Boot.php(104): CodeIgniter\Boot::runCommand(Object(CodeIgniter\CLI\Console))
#11 C:\xampp\htdocs\ci4\spark(84): CodeIgniter\Boot::bootSpark(Object(Config\Paths))
#12 {main}
CRITICAL - 2025-04-22 11:57:25 --> Error: Call to a member function findAll() on null
[Method: GET, Route: pegawai]
in APPPATH\Controllers\PegawaiController.php on line 19.
 1 SYSTEMPATH\CodeIgniter.php(933): App\Controllers\PegawaiController->index()
 2 SYSTEMPATH\CodeIgniter.php(507): CodeIgniter\CodeIgniter->runController(Object(App\Controllers\PegawaiController))
 3 SYSTEMPATH\CodeIgniter.php(354): CodeIgniter\CodeIgniter->handleRequest(null, Object(Config\Cache), false)
 4 SYSTEMPATH\Boot.php(334): CodeIgniter\CodeIgniter->run()
 5 SYSTEMPATH\Boot.php(67): CodeIgniter\Boot::runCodeIgniter(Object(CodeIgniter\CodeIgniter))
 6 FCPATH\index.php(56): CodeIgniter\Boot::bootWeb(Object(Config\Paths))
 7 SYSTEMPATH\rewrite.php(44): require_once('C:\\xampp\\htdocs\\ci4\\public\\index.php')
CRITICAL - 2025-04-22 11:58:56 --> Error: Call to a member function findAll() on null
[Method: GET, Route: pegawai]
in APPPATH\Controllers\PegawaiController.php on line 19.
 1 SYSTEMPATH\CodeIgniter.php(933): App\Controllers\PegawaiController->index()
 2 SYSTEMPATH\CodeIgniter.php(507): CodeIgniter\CodeIgniter->runController(Object(App\Controllers\PegawaiController))
 3 SYSTEMPATH\CodeIgniter.php(354): CodeIgniter\CodeIgniter->handleRequest(null, Object(Config\Cache), false)
 4 SYSTEMPATH\Boot.php(334): CodeIgniter\CodeIgniter->run()
 5 SYSTEMPATH\Boot.php(67): CodeIgniter\Boot::runCodeIgniter(Object(CodeIgniter\CodeIgniter))
 6 FCPATH\index.php(56): CodeIgniter\Boot::bootWeb(Object(Config\Paths))
 7 SYSTEMPATH\rewrite.php(44): require_once('C:\\xampp\\htdocs\\ci4\\public\\index.php')
CRITICAL - 2025-04-22 11:59:47 --> Error: Call to a member function findAll() on null
[Method: GET, Route: pegawai]
in APPPATH\Controllers\PegawaiController.php on line 19.
 1 SYSTEMPATH\CodeIgniter.php(933): App\Controllers\PegawaiController->index()
 2 SYSTEMPATH\CodeIgniter.php(507): CodeIgniter\CodeIgniter->runController(Object(App\Controllers\PegawaiController))
 3 SYSTEMPATH\CodeIgniter.php(354): CodeIgniter\CodeIgniter->handleRequest(null, Object(Config\Cache), false)
 4 SYSTEMPATH\Boot.php(334): CodeIgniter\CodeIgniter->run()
 5 SYSTEMPATH\Boot.php(67): CodeIgniter\Boot::runCodeIgniter(Object(CodeIgniter\CodeIgniter))
 6 FCPATH\index.php(56): CodeIgniter\Boot::bootWeb(Object(Config\Paths))
 7 SYSTEMPATH\rewrite.php(44): require_once('C:\\xampp\\htdocs\\ci4\\public\\index.php')
CRITICAL - 2025-04-22 11:59:57 --> Error: Call to a member function findAll() on null
[Method: GET, Route: pegawai]
in APPPATH\Controllers\PegawaiController.php on line 19.
 1 SYSTEMPATH\CodeIgniter.php(933): App\Controllers\PegawaiController->index()
 2 SYSTEMPATH\CodeIgniter.php(507): CodeIgniter\CodeIgniter->runController(Object(App\Controllers\PegawaiController))
 3 SYSTEMPATH\CodeIgniter.php(354): CodeIgniter\CodeIgniter->handleRequest(null, Object(Config\Cache), false)
 4 SYSTEMPATH\Boot.php(334): CodeIgniter\CodeIgniter->run()
 5 SYSTEMPATH\Boot.php(67): CodeIgniter\Boot::runCodeIgniter(Object(CodeIgniter\CodeIgniter))
 6 FCPATH\index.php(56): CodeIgniter\Boot::bootWeb(Object(Config\Paths))
 7 SYSTEMPATH\rewrite.php(44): require_once('C:\\xampp\\htdocs\\ci4\\public\\index.php')
CRITICAL - 2025-04-22 12:04:07 --> Error: Call to a member function findAll() on null
[Method: GET, Route: pegawai]
in APPPATH\Controllers\PegawaiController.php on line 19.
 1 SYSTEMPATH\CodeIgniter.php(933): App\Controllers\PegawaiController->index()
 2 SYSTEMPATH\CodeIgniter.php(507): CodeIgniter\CodeIgniter->runController(Object(App\Controllers\PegawaiController))
 3 SYSTEMPATH\CodeIgniter.php(354): CodeIgniter\CodeIgniter->handleRequest(null, Object(Config\Cache), false)
 4 SYSTEMPATH\Boot.php(334): CodeIgniter\CodeIgniter->run()
 5 SYSTEMPATH\Boot.php(67): CodeIgniter\Boot::runCodeIgniter(Object(CodeIgniter\CodeIgniter))
 6 FCPATH\index.php(56): CodeIgniter\Boot::bootWeb(Object(Config\Paths))
 7 SYSTEMPATH\rewrite.php(44): require_once('C:\\xampp\\htdocs\\ci4\\public\\index.php')
CRITICAL - 2025-04-22 12:07:26 --> Error: Call to a member function findAll() on null
[Method: GET, Route: pegawai]
in APPPATH\Controllers\PegawaiController.php on line 21.
 1 SYSTEMPATH\CodeIgniter.php(933): App\Controllers\PegawaiController->index()
 2 SYSTEMPATH\CodeIgniter.php(507): CodeIgniter\CodeIgniter->runController(Object(App\Controllers\PegawaiController))
 3 SYSTEMPATH\CodeIgniter.php(354): CodeIgniter\CodeIgniter->handleRequest(null, Object(Config\Cache), false)
 4 SYSTEMPATH\Boot.php(334): CodeIgniter\CodeIgniter->run()
 5 SYSTEMPATH\Boot.php(67): CodeIgniter\Boot::runCodeIgniter(Object(CodeIgniter\CodeIgniter))
 6 FCPATH\index.php(56): CodeIgniter\Boot::bootWeb(Object(Config\Paths))
 7 SYSTEMPATH\rewrite.php(44): require_once('C:\\xampp\\htdocs\\ci4\\public\\index.php')
CRITICAL - 2025-04-22 12:07:56 --> Error: Call to a member function findAll() on null
[Method: GET, Route: pegawai]
in APPPATH\Controllers\PegawaiController.php on line 21.
 1 SYSTEMPATH\CodeIgniter.php(933): App\Controllers\PegawaiController->index()
 2 SYSTEMPATH\CodeIgniter.php(507): CodeIgniter\CodeIgniter->runController(Object(App\Controllers\PegawaiController))
 3 SYSTEMPATH\CodeIgniter.php(354): CodeIgniter\CodeIgniter->handleRequest(null, Object(Config\Cache), false)
 4 SYSTEMPATH\Boot.php(334): CodeIgniter\CodeIgniter->run()
 5 SYSTEMPATH\Boot.php(67): CodeIgniter\Boot::runCodeIgniter(Object(CodeIgniter\CodeIgniter))
 6 FCPATH\index.php(56): CodeIgniter\Boot::bootWeb(Object(Config\Paths))
 7 SYSTEMPATH\rewrite.php(44): require_once('C:\\xampp\\htdocs\\ci4\\public\\index.php')
CRITICAL - 2025-04-22 12:09:06 --> Error: Call to a member function findAll() on null
[Method: GET, Route: pegawai]
in APPPATH\Controllers\PegawaiController.php on line 21.
 1 SYSTEMPATH\CodeIgniter.php(933): App\Controllers\PegawaiController->index()
 2 SYSTEMPATH\CodeIgniter.php(507): CodeIgniter\CodeIgniter->runController(Object(App\Controllers\PegawaiController))
 3 SYSTEMPATH\CodeIgniter.php(354): CodeIgniter\CodeIgniter->handleRequest(null, Object(Config\Cache), false)
 4 SYSTEMPATH\Boot.php(334): CodeIgniter\CodeIgniter->run()
 5 SYSTEMPATH\Boot.php(67): CodeIgniter\Boot::runCodeIgniter(Object(CodeIgniter\CodeIgniter))
 6 FCPATH\index.php(56): CodeIgniter\Boot::bootWeb(Object(Config\Paths))
 7 SYSTEMPATH\rewrite.php(44): require_once('C:\\xampp\\htdocs\\ci4\\public\\index.php')
CRITICAL - 2025-04-22 12:09:17 --> Error: Call to a member function findAll() on null
[Method: GET, Route: pegawai]
in APPPATH\Controllers\PegawaiController.php on line 21.
 1 SYSTEMPATH\CodeIgniter.php(933): App\Controllers\PegawaiController->index()
 2 SYSTEMPATH\CodeIgniter.php(507): CodeIgniter\CodeIgniter->runController(Object(App\Controllers\PegawaiController))
 3 SYSTEMPATH\CodeIgniter.php(354): CodeIgniter\CodeIgniter->handleRequest(null, Object(Config\Cache), false)
 4 SYSTEMPATH\Boot.php(334): CodeIgniter\CodeIgniter->run()
 5 SYSTEMPATH\Boot.php(67): CodeIgniter\Boot::runCodeIgniter(Object(CodeIgniter\CodeIgniter))
 6 FCPATH\index.php(56): CodeIgniter\Boot::bootWeb(Object(Config\Paths))
 7 SYSTEMPATH\rewrite.php(44): require_once('C:\\xampp\\htdocs\\ci4\\public\\index.php')
CRITICAL - 2025-04-22 12:21:33 --> Error: Call to a member function findAll() on null
[Method: GET, Route: pegawai]
in APPPATH\Controllers\PegawaiController.php on line 21.
 1 SYSTEMPATH\CodeIgniter.php(933): App\Controllers\PegawaiController->index()
 2 SYSTEMPATH\CodeIgniter.php(507): CodeIgniter\CodeIgniter->runController(Object(App\Controllers\PegawaiController))
 3 SYSTEMPATH\CodeIgniter.php(354): CodeIgniter\CodeIgniter->handleRequest(null, Object(Config\Cache), false)
 4 SYSTEMPATH\Boot.php(334): CodeIgniter\CodeIgniter->run()
 5 SYSTEMPATH\Boot.php(67): CodeIgniter\Boot::runCodeIgniter(Object(CodeIgniter\CodeIgniter))
 6 FCPATH\index.php(56): CodeIgniter\Boot::bootWeb(Object(Config\Paths))
 7 SYSTEMPATH\rewrite.php(44): require_once('C:\\xampp\\htdocs\\ci4\\public\\index.php')
CRITICAL - 2025-04-22 12:22:10 --> Error: Call to a member function find() on null
[Method: GET, Route: pegawai]
in APPPATH\Controllers\PegawaiController.php on line 21.
 1 SYSTEMPATH\CodeIgniter.php(933): App\Controllers\PegawaiController->index()
 2 SYSTEMPATH\CodeIgniter.php(507): CodeIgniter\CodeIgniter->runController(Object(App\Controllers\PegawaiController))
 3 SYSTEMPATH\CodeIgniter.php(354): CodeIgniter\CodeIgniter->handleRequest(null, Object(Config\Cache), false)
 4 SYSTEMPATH\Boot.php(334): CodeIgniter\CodeIgniter->run()
 5 SYSTEMPATH\Boot.php(67): CodeIgniter\Boot::runCodeIgniter(Object(CodeIgniter\CodeIgniter))
 6 FCPATH\index.php(56): CodeIgniter\Boot::bootWeb(Object(Config\Paths))
 7 SYSTEMPATH\rewrite.php(44): require_once('C:\\xampp\\htdocs\\ci4\\public\\index.php')
CRITICAL - 2025-04-22 23:16:17 --> ValueError: strpos(): Argument #3 ($offset) must be contained in argument #1 ($haystack)
[Method: POST, Route: pegawai]
in SYSTEMPATH\Validation\Validation.php on line 970.
 1 SYSTEMPATH\Validation\Validation.php(970): strpos('uploaded[gambar]|max_size[gambar ,2048]|is_image[gambar]|mime_in[gambar, image/jpg, image/png, image/jpeg', '|', 106)
 2 SYSTEMPATH\Validation\Validation.php(611): CodeIgniter\Validation\Validation->splitRules([...])
 3 SYSTEMPATH\Controller.php(182): CodeIgniter\Validation\Validation->setRules([...], [])
 4 SYSTEMPATH\Controller.php(136): CodeIgniter\Controller->setValidator([...], [])
 5 APPPATH\Controllers\PegawaiController.php(61): CodeIgniter\Controller->validate([...])
 6 SYSTEMPATH\CodeIgniter.php(933): App\Controllers\PegawaiController->create()
 7 SYSTEMPATH\CodeIgniter.php(507): CodeIgniter\CodeIgniter->runController(Object(App\Controllers\PegawaiController))
 8 SYSTEMPATH\CodeIgniter.php(354): CodeIgniter\CodeIgniter->handleRequest(null, Object(Config\Cache), false)
 9 SYSTEMPATH\Boot.php(334): CodeIgniter\CodeIgniter->run()
10 SYSTEMPATH\Boot.php(67): CodeIgniter\Boot::runCodeIgniter(Object(CodeIgniter\CodeIgniter))
11 FCPATH\index.php(56): CodeIgniter\Boot::bootWeb(Object(Config\Paths))
12 SYSTEMPATH\rewrite.php(44): require_once('C:\\xampp\\htdocs\\ci4\\public\\index.php')
CRITICAL - 2025-04-22 23:17:38 --> ValueError: strpos(): Argument #3 ($offset) must be contained in argument #1 ($haystack)
[Method: POST, Route: pegawai]
in SYSTEMPATH\Validation\Validation.php on line 970.
 1 SYSTEMPATH\Validation\Validation.php(970): strpos('uploaded[gambar]|max_size[gambar ,2048]|is_image[gambar]|mime_in[gambar, image/jpg, image/png, image/jpeg', '|', 106)
 2 SYSTEMPATH\Validation\Validation.php(611): CodeIgniter\Validation\Validation->splitRules([...])
 3 SYSTEMPATH\Controller.php(182): CodeIgniter\Validation\Validation->setRules([...], [])
 4 SYSTEMPATH\Controller.php(136): CodeIgniter\Controller->setValidator([...], [])
 5 APPPATH\Controllers\PegawaiController.php(61): CodeIgniter\Controller->validate([...])
 6 SYSTEMPATH\CodeIgniter.php(933): App\Controllers\PegawaiController->create()
 7 SYSTEMPATH\CodeIgniter.php(507): CodeIgniter\CodeIgniter->runController(Object(App\Controllers\PegawaiController))
 8 SYSTEMPATH\CodeIgniter.php(354): CodeIgniter\CodeIgniter->handleRequest(null, Object(Config\Cache), false)
 9 SYSTEMPATH\Boot.php(334): CodeIgniter\CodeIgniter->run()
10 SYSTEMPATH\Boot.php(67): CodeIgniter\Boot::runCodeIgniter(Object(CodeIgniter\CodeIgniter))
11 FCPATH\index.php(56): CodeIgniter\Boot::bootWeb(Object(Config\Paths))
12 SYSTEMPATH\rewrite.php(44): require_once('C:\\xampp\\htdocs\\ci4\\public\\index.php')
CRITICAL - 2025-04-22 23:17:57 --> ValueError: strpos(): Argument #3 ($offset) must be contained in argument #1 ($haystack)
[Method: POST, Route: pegawai]
in SYSTEMPATH\Validation\Validation.php on line 970.
 1 SYSTEMPATH\Validation\Validation.php(970): strpos('uploaded[gambar]|max_size[gambar ,2048]|is_image[gambar]|mime_in[gambar, image/jpg, image/png, image/jpeg', '|', 106)
 2 SYSTEMPATH\Validation\Validation.php(611): CodeIgniter\Validation\Validation->splitRules([...])
 3 SYSTEMPATH\Controller.php(182): CodeIgniter\Validation\Validation->setRules([...], [])
 4 SYSTEMPATH\Controller.php(136): CodeIgniter\Controller->setValidator([...], [])
 5 APPPATH\Controllers\PegawaiController.php(61): CodeIgniter\Controller->validate([...])
 6 SYSTEMPATH\CodeIgniter.php(933): App\Controllers\PegawaiController->create()
 7 SYSTEMPATH\CodeIgniter.php(507): CodeIgniter\CodeIgniter->runController(Object(App\Controllers\PegawaiController))
 8 SYSTEMPATH\CodeIgniter.php(354): CodeIgniter\CodeIgniter->handleRequest(null, Object(Config\Cache), false)
 9 SYSTEMPATH\Boot.php(334): CodeIgniter\CodeIgniter->run()
10 SYSTEMPATH\Boot.php(67): CodeIgniter\Boot::runCodeIgniter(Object(CodeIgniter\CodeIgniter))
11 FCPATH\index.php(56): CodeIgniter\Boot::bootWeb(Object(Config\Paths))
12 SYSTEMPATH\rewrite.php(44): require_once('C:\\xampp\\htdocs\\ci4\\public\\index.php')
CRITICAL - 2025-04-22 23:19:00 --> ValueError: strpos(): Argument #3 ($offset) must be contained in argument #1 ($haystack)
[Method: POST, Route: pegawai]
in SYSTEMPATH\Validation\Validation.php on line 970.
 1 SYSTEMPATH\Validation\Validation.php(970): strpos('uploaded[gambar]|max_size[gambar ,2048]|is_image[gambar]|mime_in[gambar, image/jpg, image/png, image/jpeg', '|', 106)
 2 SYSTEMPATH\Validation\Validation.php(611): CodeIgniter\Validation\Validation->splitRules([...])
 3 SYSTEMPATH\Controller.php(182): CodeIgniter\Validation\Validation->setRules([...], [])
 4 SYSTEMPATH\Controller.php(136): CodeIgniter\Controller->setValidator([...], [])
 5 APPPATH\Controllers\PegawaiController.php(61): CodeIgniter\Controller->validate([...])
 6 SYSTEMPATH\CodeIgniter.php(933): App\Controllers\PegawaiController->create()
 7 SYSTEMPATH\CodeIgniter.php(507): CodeIgniter\CodeIgniter->runController(Object(App\Controllers\PegawaiController))
 8 SYSTEMPATH\CodeIgniter.php(354): CodeIgniter\CodeIgniter->handleRequest(null, Object(Config\Cache), false)
 9 SYSTEMPATH\Boot.php(334): CodeIgniter\CodeIgniter->run()
10 SYSTEMPATH\Boot.php(67): CodeIgniter\Boot::runCodeIgniter(Object(CodeIgniter\CodeIgniter))
11 FCPATH\index.php(56): CodeIgniter\Boot::bootWeb(Object(Config\Paths))
12 SYSTEMPATH\rewrite.php(44): require_once('C:\\xampp\\htdocs\\ci4\\public\\index.php')
